<?xml version="1.0" encoding="UTF-8"?>
<!-- Generated by org.testng.reporters.JUnitReportReporter -->
<testsuite hostname="DESKTOP-U52CDKB" name="com.w2a.cucumber.zoho.runners.GoibiboRunners" tests="1" failures="0" timestamp="9 Jul 2020 14:24:49 GMT" time="94.574" errors="0">
  <testcase name="runCukes" time="94.574" classname="com.w2a.cucumber.zoho.runners.GoibiboRunners"/>
</testsuite> <!-- com.w2a.cucumber.zoho.runners.GoibiboRunners -->
